FILE : 9327.jsvc_up
PARENT : /tmp
URI : file:///tmp/9327.jsvc_up
ABSOLUTe : /tmp/9327.jsvc_upn
FILE : 9861.jsvc_up
PARENT : /tmp
URI : file:///tmp/9861.jsvc_up
ABSOLUTe : /tmp/9861.jsvc_upn
FILE : yum_save_tx-2012-08-16-13-43OhA0pb.yumtx
PARENT : /tmp
URI : file:///tmp/yum_save_tx-2012-08-16-13-43OhA0pb.yumtx
ABSOLUTe : /tmp/yum_save_tx-2012-08-16-13-43OhA0pb.yumtxn
FILE : yum_save_tx-2012-08-16-13-43OhA0pb.yumtx
PARENT : /tmp
URI : file:///tmp/yum_save_tx-2012-08-16-13-43OhA0pb.yumtx
ABSOLUTe : /tmp/yum_save_tx-2012-08-16-13-43OhA0pb.yumtxn
FILE : tmpaawrSO
PARENT : /tmp
URI : file:///tmp/tmpaawrSO
ABSOLUTe : /tmp/tmpaawrSOn
FILE : yum_save_tx-2012-08-16-13-443_00P_.yumtx
PARENT : /tmp
URI : file:///tmp/yum_save_tx-2012-08-16-13-443_00P_.yumtx
ABSOLUTe : /tmp/yum_save_tx-2012-08-16-13-443_00P_.yumtxn
FILE : yum_save_tx-2012-08-16-13-443_00P_.yumtx
PARENT : /tmp
URI : file:///tmp/yum_save_tx-2012-08-16-13-443_00P_.yumtx
ABSOLUTe : /tmp/yum_save_tx-2012-08-16-13-443_00P_.yumtxn
FILE : tmpaawrSO
PARENT : /tmp
URI : file:///tmp/tmpaawrSO
ABSOLUTe : /tmp/tmpaawrSOn
FILE : watch_script.sh
PARENT : /tmp
URI : file:///tmp/watch_script.sh
ABSOLUTe : /tmp/watch_script.shn
